<?xml version="1.0" encoding="UTF-8"?>
<testsuite name="EtlTest" tests="4" skipped="0" failures="0" errors="0" timestamp="2016-03-13T03:00:29" hostname="Watson" time="0.164">
  <properties/>
  <testcase name="testTransformOneValue" classname="EtlTest" time="0.148"/>
  <testcase name="testTransformMoreValues" classname="EtlTest" time="0.007"/>
  <testcase name="testMoreKeys" classname="EtlTest" time="0.004"/>
  <testcase name="testFullDataset" classname="EtlTest" time="0.003"/>
  <system-out><![CDATA[]]></system-out>
  <system-err><![CDATA[]]></system-err>
</testsuite>
