<?xml version="1.0" encoding="UTF-8"?>
<testsuite name="HammingTest" tests="9" skipped="0" failures="0" errors="0" timestamp="2016-03-15T05:48:53" hostname="Watson" time="0.166">
  <properties/>
  <testcase name="testLargeHammingDistance" classname="HammingTest" time="0.151"/>
  <testcase name="testCompleteHammingDistanceOfForSingleNucleotideStrand" classname="HammingTest" time="0.001"/>
  <testcase name="testNoDifferenceBetweenIdenticalStrands" classname="HammingTest" time="0.004"/>
  <testcase name="testValidatesFirstStrandNotLonger" classname="HammingTest" time="0.001"/>
  <testcase name="testValidatesOtherStrandNotLonger" classname="HammingTest" time="0.0"/>
  <testcase name="testHammingDistanceInVeryLongStrand" classname="HammingTest" time="0.001"/>
  <testcase name="testSmallHammingDistance" classname="HammingTest" time="0.003"/>
  <testcase name="testCompleteHammingDistanceForSmallStrand" classname="HammingTest" time="0.0"/>
  <testcase name="testSmallHammingDistanceInLongerStrand" classname="HammingTest" time="0.001"/>
  <system-out><![CDATA[]]></system-out>
  <system-err><![CDATA[]]></system-err>
</testsuite>
